<?xml version="1.0" encoding="UTF-8"?>
<!-- Generated by org.testng.reporters.JUnitXMLReporter -->
<testsuite hostname="om12" ignored="0" name="Default test" tests="5" failures="0" timestamp="28 Dec 2018 12:36:48 GMT" time="0.035" errors="0">
  <testcase name="a_method" time="0.008" classname="com.title.qa.base.TestNG_Priority_Annotation"/>
  <testcase name="b_method" time="0.001" classname="com.title.qa.base.TestNG_Priority_Annotation"/>
  <testcase name="c_method" time="0.0" classname="com.title.qa.base.TestNG_Priority_Annotation"/>
  <testcase name="d_method" time="0.001" classname="com.title.qa.base.TestNG_Priority_Annotation"/>
  <testcase name="e_method" time="0.0" classname="com.title.qa.base.TestNG_Priority_Annotation"/>
</testsuite> <!-- Default test -->
